c:\users\hurjm\desktop\chatserver\chatcommon\x64\debug\chatcommon_debug.pch
c:\users\hurjm\desktop\chatserver\library\chatcommon_debug.pdb
c:\users\hurjm\desktop\chatserver\library\chatcommon_debug.idb
c:\users\hurjm\desktop\chatserver\chatcommon\x64\debug\pch2.obj
c:\users\hurjm\desktop\chatserver\chatcommon\x64\debug\imgui_widgets.obj
c:\users\hurjm\desktop\chatserver\chatcommon\x64\debug\imgui_tables.obj
c:\users\hurjm\desktop\chatserver\chatcommon\x64\debug\imgui_impl_win32.obj
c:\users\hurjm\desktop\chatserver\chatcommon\x64\debug\imgui_impl_dx11.obj
c:\users\hurjm\desktop\chatserver\chatcommon\x64\debug\imgui_draw.obj
c:\users\hurjm\desktop\chatserver\chatcommon\x64\debug\imgui_demo.obj
c:\users\hurjm\desktop\chatserver\chatcommon\x64\debug\imgui.obj
c:\users\hurjm\desktop\chatserver\chatcommon\x64\debug\cimguimgr.obj
c:\users\hurjm\desktop\chatserver\chatcommon\x64\debug\cdirectxmgr.obj
c:\users\hurjm\desktop\chatserver\library\chatcommon_debug.lib
c:\users\hurjm\desktop\chatserver\chatcommon\x64\debug\chatcommon.tlog\cl.command.1.tlog
c:\users\hurjm\desktop\chatserver\chatcommon\x64\debug\chatcommon.tlog\cl.read.1.tlog
c:\users\hurjm\desktop\chatserver\chatcommon\x64\debug\chatcommon.tlog\cl.write.1.tlog
c:\users\hurjm\desktop\chatserver\chatcommon\x64\debug\chatcommon.tlog\lib-link.read.1.tlog
c:\users\hurjm\desktop\chatserver\chatcommon\x64\debug\chatcommon.tlog\lib-link.write.1.tlog
c:\users\hurjm\desktop\chatserver\chatcommon\x64\debug\chatcommon.tlog\lib.command.1.tlog
