c:\users\hurjm\desktop\chatserver\chatclient\x64\debug\chatclient.pch
c:\users\hurjm\desktop\chatserver\chatclient\x64\debug\vc143.pdb
c:\users\hurjm\desktop\chatserver\chatclient\x64\debug\vc143.idb
c:\users\hurjm\desktop\chatserver\chatclient\x64\debug\pch.obj
c:\users\hurjm\desktop\chatserver\chatclient\x64\debug\main.obj
c:\users\hurjm\desktop\chatserver\chatclient\x64\debug\cuiclientmgr.obj
c:\users\hurjm\desktop\chatserver\chatclient\x64\debug\cchatclient.obj
c:\users\hurjm\desktop\chatserver\output\chatclient.exe
c:\users\hurjm\desktop\chatserver\chatclient\x64\debug\chatclient.ilk
c:\users\hurjm\desktop\chatserver\output\chatclient.pdb
c:\users\hurjm\desktop\chatserver\chatclient\x64\debug\chatclient.res
c:\users\hurjm\desktop\chatserver\chatclient\x64\debug\chatclient.tlog\cl.command.1.tlog
c:\users\hurjm\desktop\chatserver\chatclient\x64\debug\chatclient.tlog\cl.read.1.tlog
c:\users\hurjm\desktop\chatserver\chatclient\x64\debug\chatclient.tlog\cl.write.1.tlog
c:\users\hurjm\desktop\chatserver\chatclient\x64\debug\chatclient.tlog\link.command.1.tlog
c:\users\hurjm\desktop\chatserver\chatclient\x64\debug\chatclient.tlog\link.read.1.tlog
c:\users\hurjm\desktop\chatserver\chatclient\x64\debug\chatclient.tlog\link.write.1.tlog
c:\users\hurjm\desktop\chatserver\chatclient\x64\debug\chatclient.tlog\rc.command.1.tlog
c:\users\hurjm\desktop\chatserver\chatclient\x64\debug\chatclient.tlog\rc.read.1.tlog
c:\users\hurjm\desktop\chatserver\chatclient\x64\debug\chatclient.tlog\rc.write.1.tlog
